<?xml version="1.0" encoding="UTF-8"?>
<!-- Generated by org.testng.reporters.JUnitXMLReporter -->
<testsuite ignored="0" hostname="DESKTOP-UE8LSC2" failures="0" tests="3" name="SystemtestcaseTest" time="0.113" errors="0" timestamp="2024-04-30T14:20:48 IST">
  <testcase classname="cross_browse_testing.Launch_Quit" name="@BeforeMethod launch" time="0.016">
    <failure type="java.lang.NullPointerException" message="Cannot invoke &amp;quot;org.openqa.selenium.chrome.ChromeDriver.get(String)&amp;quot; because &amp;quot;this.driver&amp;quot; is null">
      <![CDATA[java.lang.NullPointerException: Cannot invoke "org.openqa.selenium.chrome.ChromeDriver.get(String)" because "this.driver" is null
at cross_browse_testing.Launch_Quit.launch(Launch_Quit.java:14)
at java.base/java.util.ArrayList.forEach(ArrayList.java:1511)
... Removed 31 stack frames]]>
    </failure>
  </testcase> <!-- @BeforeMethod launch -->
  <testcase classname="cross_browse_testing.Launch_Quit" name="@AfterMethod quit" time="-1.714467048521E9">
    <skipped/>
  </testcase> <!-- @AfterMethod quit -->
  <testcase classname="cross_browse_testing.Launch_Quit" name="@BeforeMethod launch" time="0.001">
    <failure type="java.lang.NullPointerException" message="Cannot invoke &amp;quot;org.openqa.selenium.chrome.ChromeDriver.get(String)&amp;quot; because &amp;quot;this.driver&amp;quot; is null">
      <![CDATA[java.lang.NullPointerException: Cannot invoke "org.openqa.selenium.chrome.ChromeDriver.get(String)" because "this.driver" is null
at cross_browse_testing.Launch_Quit.launch(Launch_Quit.java:14)
at java.base/java.util.ArrayList.forEach(ArrayList.java:1511)
... Removed 31 stack frames]]>
    </failure>
  </testcase> <!-- @BeforeMethod launch -->
  <testcase classname="cross_browse_testing.Launch_Quit" name="@AfterMethod quit" time="-1.714467048539E9">
    <skipped/>
  </testcase> <!-- @AfterMethod quit -->
  <testcase classname="cross_browse_testing.Launch_Quit" name="@BeforeMethod launch" time="0.001">
    <failure type="java.lang.NullPointerException" message="Cannot invoke &amp;quot;org.openqa.selenium.chrome.ChromeDriver.get(String)&amp;quot; because &amp;quot;this.driver&amp;quot; is null">
      <![CDATA[java.lang.NullPointerException: Cannot invoke "org.openqa.selenium.chrome.ChromeDriver.get(String)" because "this.driver" is null
at cross_browse_testing.Launch_Quit.launch(Launch_Quit.java:14)
at java.base/java.util.ArrayList.forEach(ArrayList.java:1511)
... Removed 31 stack frames]]>
    </failure>
  </testcase> <!-- @BeforeMethod launch -->
  <testcase classname="cross_browse_testing.Launch_Quit" name="@AfterMethod quit" time="-1.714467048552E9">
    <skipped/>
  </testcase> <!-- @AfterMethod quit -->
  <testcase classname="cross_browse_testing.Serching_product" name="search" time="0.0">
    <skipped/>
  </testcase> <!-- search -->
  <testcase classname="cross_browse_testing.Search_click_1stproduct" name="search" time="0.0">
    <skipped/>
  </testcase> <!-- search -->
  <testcase classname="cross_browse_testing.Search_click_addtocart" name="add_cart" time="0.0">
    <skipped/>
  </testcase> <!-- add_cart -->
</testsuite> <!-- SystemtestcaseTest -->
